SF:./spec/lib/scripts/linked_list/double_linked_list_spec.rb
DA:1,1
DA:3,1
DA:4,23
DA:6,1
DA:7,1
DA:8,1
DA:11,1
DA:12,1
DA:15,1
DA:16,1
DA:20,1
DA:21,1
DA:22,7
DA:23,7
DA:24,7
DA:27,1
DA:28,1
DA:31,1
DA:32,1
DA:35,1
DA:36,1
DA:39,1
DA:40,1
DA:43,1
DA:44,1
DA:47,1
DA:48,1
DA:51,1
DA:52,1
DA:56,1
DA:57,2
DA:58,2
DA:60,1
DA:61,1
DA:62,1
DA:65,1
DA:66,1
DA:70,1
DA:71,7
DA:72,7
DA:73,7
DA:74,2
DA:76,1
DA:77,6
DA:78,6
DA:79,6
DA:80,6
DA:81,6
DA:84,1
DA:85,1
DA:88,1
DA:89,1
DA:92,1
DA:93,1
DA:96,1
DA:97,1
DA:100,1
DA:101,1
DA:104,1
DA:105,1
DA:109,1
DA:110,1
DA:111,4
DA:112,4
DA:113,4
DA:114,4
DA:117,1
DA:118,1
DA:119,1
DA:122,1
DA:123,1
DA:126,1
DA:127,1
DA:128,1
DA:131,1
DA:132,1
DA:133,1
DA:137,1
DA:138,1
DA:139,1
DA:140,1
DA:141,1
DA:142,1
DA:145,1
DA:146,1
end_of_record
SF:./spec/lib/scripts/linked_list/node_spec.rb
DA:1,1
DA:3,1
DA:4,1
DA:5,6
DA:6,3
DA:8,1
DA:9,1
DA:12,1
DA:13,1
DA:14,1
DA:17,1
DA:18,1
DA:22,1
DA:23,1
DA:24,1
DA:27,1
DA:28,1
end_of_record
SF:./spec/lib/scripts/linked_list/single_linked_list_spec.rb
DA:1,1
DA:3,1
DA:4,19
DA:6,1
DA:7,1
DA:8,1
DA:11,1
DA:12,1
DA:15,1
DA:16,1
DA:20,1
DA:21,1
DA:22,3
DA:25,1
DA:26,1
DA:29,1
DA:30,1
DA:33,1
DA:34,1
DA:38,1
DA:39,2
DA:40,2
DA:42,1
DA:43,1
DA:44,1
DA:47,1
DA:48,1
DA:52,1
DA:53,7
DA:54,7
DA:55,7
DA:56,2
DA:58,1
DA:59,6
DA:60,6
DA:61,6
DA:62,6
DA:63,6
DA:66,1
DA:67,1
DA:70,1
DA:71,1
DA:74,1
DA:75,1
DA:78,1
DA:79,1
DA:82,1
DA:83,1
DA:86,1
DA:87,1
DA:91,1
DA:92,1
DA:93,4
DA:94,4
DA:95,4
DA:96,4
DA:99,1
DA:100,1
DA:101,1
DA:104,1
DA:105,1
DA:108,1
DA:109,1
DA:110,1
DA:113,1
DA:114,1
DA:115,1
DA:119,1
DA:120,1
DA:121,1
DA:122,1
DA:123,1
DA:124,1
DA:127,1
DA:128,1
end_of_record
SF:./spec/lib/scripts/queue_spec.rb
DA:1,1
DA:3,1
DA:4,9
DA:6,1
DA:7,1
DA:8,1
DA:11,1
DA:12,1
DA:16,1
DA:17,1
DA:18,1
DA:19,1
DA:23,1
DA:24,4
DA:26,1
DA:27,3
DA:28,3
DA:29,3
DA:32,1
DA:33,1
DA:36,1
DA:37,1
DA:38,2
DA:39,2
DA:40,2
DA:43,1
DA:44,1
DA:47,1
DA:48,1
DA:53,1
DA:54,1
DA:55,1
DA:58,1
DA:59,1
DA:60,1
end_of_record
SF:./spec/lib/scripts/stack_spec.rb
DA:1,1
DA:3,1
DA:4,10
DA:6,1
DA:7,1
DA:8,1
DA:11,1
DA:12,1
DA:15,1
DA:16,1
DA:20,1
DA:21,1
DA:22,2
DA:23,2
DA:24,2
DA:27,1
DA:28,1
DA:31,1
DA:32,1
DA:36,1
DA:37,5
DA:38,5
DA:40,1
DA:41,4
DA:42,4
DA:43,4
DA:44,4
DA:47,1
DA:48,1
DA:51,1
DA:52,1
DA:55,1
DA:56,1
DA:57,2
DA:58,2
DA:59,2
DA:60,2
DA:63,1
DA:64,1
DA:67,1
DA:68,1
end_of_record
